<?xml version="1.0" encoding="UTF-8"?>
<testng-results ignored="0" total="1" passed="1" failed="0" skipped="0">
  <reporter-output>
  </reporter-output>
  <suite started-at="2023-05-15T00:56:39 IST" name="Default suite" finished-at="2023-05-15T00:56:54 IST" duration-ms="15028">
    <groups>
    </groups>
    <test started-at="2023-05-15T00:56:39 IST" name="Default test" finished-at="2023-05-15T00:56:54 IST" duration-ms="15028">
      <class name="sample.Tests.RunnerTestNG">
        <test-method signature="validateTests()[pri:0, instance:sample.Tests.RunnerTestNG@1a942c18]" started-at="2023-05-15T00:56:39 IST" name="validateTests" finished-at="2023-05-15T00:56:53 IST" duration-ms="14628" status="PASS">
          <reporter-output>
          </reporter-output>
        </test-method> <!-- validateTests -->
        <test-method is-config="true" signature="closeDriver()[pri:0, instance:sample.Tests.RunnerTestNG@1a942c18]" started-at="2023-05-15T00:56:53 IST" name="closeDriver" finished-at="2023-05-15T00:56:54 IST" duration-ms="331" status="PASS">
          <reporter-output>
          </reporter-output>
        </test-method> <!-- closeDriver -->
      </class> <!-- sample.Tests.RunnerTestNG -->
    </test> <!-- Default test -->
  </suite> <!-- Default suite -->
</testng-results>
